time;model_id;model_name;port_name;data
Generator: new arriving plane number: 21
Generator 2: new arriving plane number: 25
[32m1;1;generator;out;21[0m
[33m1;1;generator;;{8}[0m
[32m1;7;generator;out;25[0m
[33m1;7;generator;;{0.1}[0m
Storage: plane number: 25 stored
[33m1;9;storage1;;{11}[0m
Queue: plane number: 21 received
[33m1;11;arrivalQueue;;{11}[0m
[33m1;12;departQueue;;{10}[0m
Generator 2: new arriving plane number: 198
[32m1.1;7;generator;out;198[0m
[33m1.1;7;generator;;{0.1}[0m
Storage: plane number: 25 stored
[33m1.1;9;storage1;;{11}[0m
Generator 2: new arriving plane number: 540
[32m1.2;7;generator;out;540[0m
[33m1.2;7;generator;;{0.1}[0m
Storage: plane number: 25 stored
[33m1.2;9;storage1;;{11}[0m
Generator 2: new arriving plane number: 664
[32m1.3;7;generator;out;664[0m
[33m1.3;7;generator;;{0.1}[0m
Storage: plane number: 25 stored
[33m1.3;9;storage1;;{11}[0m
[33m1.4;7;generator;;{inf}[0m
Queue: plane number: 21 sent to control tower
[32m2;11;arrivalQueue;out;21[0m
[33m2;11;arrivalQueue;;{10}[0m
Control: Plane number: 21 going to arrivals
[33m2;14;control;;{11}[0m
Storage: plane number25 sent to exit
[33m2.3;4;exit;;{11}[0m
[32m2.3;9;storage1;out;25[0m
[33m2.3;9;storage1;;{11}[0m
Control: Plane number: 21 sent to runway
Queue: occupied
[33m3;11;arrivalQueue;;{12}[0m
Queue: occupied
[33m3;12;departQueue;;{12}[0m
Runway: plane number: 21 arriving
[33m3;13;runway;;{11}[0m
[32m3;14;control;stop_a;1[0m
[32m3;14;control;stop_d;1[0m
[32m3;14;control;arrival;21[0m
[33m3;14;control;;{13}[0m
Exit: plane number: 25 sent to departure queue
[32m3.3;4;exit;out;25[0m
[33m3.3;4;exit;;{10}[0m
Queue: plane number: 25 received
[33m3.3;12;departQueue;;{12}[0m
Runway: plane number: 21 sent to hangar
[33m8;10;selector;;{11}[0m
[32m8;13;runway;exitA;21[0m
[33m8;13;runway;;{10}[0m
Generator: new arriving plane number: 273
Selector: sent to plane number: 21 to storage 1
[32m9;1;generator;out;273[0m
[33m9;1;generator;;{8}[0m
Storage: plane number: 198 stored
[33m9;9;storage1;;{11}[0m
[32m9;10;selector;out1;21[0m
[33m9;10;selector;;{10}[0m
Queue: plane number: 273 received
[33m9;11;arrivalQueue;;{12}[0m
Control: Runway open again
[33m9;14;control;;{14}[0m
Queue: open
[33m10;11;arrivalQueue;;{11}[0m
Queue: open
[33m10;12;departQueue;;{11}[0m
[32m10;14;control;done_a;1[0m
[32m10;14;control;done_d;1[0m
[33m10;14;control;;{10}[0m
Queue: plane number: 273 sent to control tower
Queue: plane number: 25 sent to control tower
[32m11;11;arrivalQueue;out;273[0m
[33m11;11;arrivalQueue;;{10}[0m
[32m11;12;departQueue;out;25[0m
[33m11;12;departQueue;;{10}[0m
Control: Plane number: 273 going to arrivals
[33m11;14;control;;{11}[0m
Control: Plane number: 273 sent to runway
Queue: occupied
[33m12;11;arrivalQueue;;{12}[0m
Queue: occupied
[33m12;12;departQueue;;{12}[0m
Runway: plane number: 273 arriving
[33m12;13;runway;;{11}[0m
[32m12;14;control;stop_a;1[0m
[32m12;14;control;stop_d;1[0m
[32m12;14;control;arrival;273[0m
[33m12;14;control;;{13}[0m
Generator: new arriving plane number: 304
Runway: plane number: 273 sent to hangar
[32m17;1;generator;out;304[0m
[33m17;1;generator;;{8}[0m
[33m17;10;selector;;{11}[0m
Queue: plane number: 304 received
[33m17;11;arrivalQueue;;{12}[0m
[32m17;13;runway;exitA;273[0m
[33m17;13;runway;;{10}[0m
Storage: plane number198 sent to exit
Selector: sent to plane number: 273 to storage 2
[33m18;4;exit;;{11}[0m
Storage: plane number: 273 stored
[33m18;8;storage2;;{11}[0m
[32m18;9;storage1;out;198[0m
[33m18;9;storage1;;{11}[0m
[32m18;10;selector;out2;273[0m
[33m18;10;selector;;{10}[0m
Control: Runway open again
[33m18;14;control;;{14}[0m
Exit: plane number: 198 sent to departure queue
[32m19;4;exit;out;198[0m
[33m19;4;exit;;{10}[0m
Queue: open
[33m19;11;arrivalQueue;;{11}[0m
Queue: plane number: 198 received
[33m19;12;departQueue;;{12}[0m
[32m19;14;control;done_a;1[0m
[32m19;14;control;done_d;1[0m
[33m19;14;control;;{10}[0m
Queue: plane number: 304 sent to control tower
[32m20;11;arrivalQueue;out;304[0m
[33m20;11;arrivalQueue;;{10}[0m
Control: Plane number: 304 going to arrivals
[33m20;14;control;;{11}[0m
Control: Plane number: 304 sent to runway
Queue: occupied
[33m21;11;arrivalQueue;;{12}[0m
Queue: occupied
[33m21;12;departQueue;;{12}[0m
Runway: plane number: 304 arriving
[33m21;13;runway;;{11}[0m
[32m21;14;control;stop_a;1[0m
[32m21;14;control;stop_d;1[0m
[32m21;14;control;arrival;304[0m
[33m21;14;control;;{13}[0m
[33m21;1;generator;;{8}[0m
[33m21;4;exit;;{10}[0m
[33m21;5;storage4;;{10}[0m
[33m21;6;storage3;;{10}[0m
[33m21;7;generator;;{inf}[0m
[33m21;8;storage2;;{11}[0m
[33m21;9;storage1;;{11}[0m
[33m21;10;selector;;{10}[0m
[33m21;11;arrivalQueue;;{12}[0m
[33m21;12;departQueue;;{12}[0m
[33m21;13;runway;;{11}[0m
[33m21;14;control;;{13}[0m
