time;model_id;model_name;port_name;data
Generator: new arriving plane number: 21
[32m1;1;generator;out;21[0m
[33m1;1;generator;;{0.1}[0m
Queue: plane number: 21 received
[33m1;10;arrivalQueue;;{11}[0m
[33m1;11;departQueue;;{10}[0m
Generator: new arriving plane number: 273
[32m1.1;1;generator;out;273[0m
[33m1.1;1;generator;;{0.1}[0m
Queue: plane number: 21 received
[33m1.1;10;arrivalQueue;;{11}[0m
Generator: new arriving plane number: 304
[32m1.2;1;generator;out;304[0m
[33m1.2;1;generator;;{0.1}[0m
Queue: plane number: 21 received
[33m1.2;10;arrivalQueue;;{11}[0m
Generator: new arriving plane number: 429
[32m1.3;1;generator;out;429[0m
[33m1.3;1;generator;;{0.1}[0m
Queue: plane number: 21 received
[33m1.3;10;arrivalQueue;;{11}[0m
[33m1.4;1;generator;;{inf}[0m
Queue: plane number: 21 sent to control tower
[32m2.3;10;arrivalQueue;out;21[0m
[33m2.3;10;arrivalQueue;;{10}[0m
Control: Plane number: 21 going to arrivals
[33m2.3;13;control;;{11}[0m
Control: Plane number: 21 sent to runway
Queue: occupied
[33m3.3;10;arrivalQueue;;{12}[0m
Queue: occupied
[33m3.3;11;departQueue;;{12}[0m
Runway: plane number: 21 arriving
[33m3.3;12;runway;;{11}[0m
[32m3.3;13;control;stop_a;1[0m
[32m3.3;13;control;stop_d;1[0m
[32m3.3;13;control;arrival;21[0m
[33m3.3;13;control;;{13}[0m
Runway: plane number: 21 sent to hangar
[33m8.3;9;selector;;{11}[0m
[32m8.3;12;runway;exitA;21[0m
[33m8.3;12;runway;;{10}[0m
Selector: sent to plane number: 21 to storage 1
Storage: plane number: 21 stored
[33m9.3;8;storage1;;{11}[0m
[32m9.3;9;selector;out1;21[0m
[33m9.3;9;selector;;{10}[0m
Control: Runway open again
[33m9.3;13;control;;{14}[0m
Storage: plane number21 sent to exit
[33m10.3;4;exit;;{11}[0m
[32m10.3;8;storage1;out;21[0m
[33m10.3;8;storage1;;{10}[0m
Queue: open
[33m10.3;10;arrivalQueue;;{11}[0m
Queue: open
[33m10.3;11;departQueue;;{11}[0m
[32m10.3;13;control;done_a;1[0m
[32m10.3;13;control;done_d;1[0m
[33m10.3;13;control;;{10}[0m
Exit: plane number: 21 sent to departure queue
Queue: plane number: 273 sent to control tower
[32m11.3;4;exit;out;21[0m
[33m11.3;4;exit;;{10}[0m
[32m11.3;10;arrivalQueue;out;273[0m
[33m11.3;10;arrivalQueue;;{10}[0m
Queue: plane number: 21 received
[33m11.3;11;departQueue;;{11}[0m
Control: Plane number: 273 going to arrivals
[33m11.3;13;control;;{11}[0m
Queue: plane number: 21 sent to control tower
Control: Plane number: 273 sent to runway
Queue: occupied
[33m12.3;10;arrivalQueue;;{12}[0m
Queue: occupied
[32m12.3;11;departQueue;out;21[0m
[33m12.3;11;departQueue;;{12}[0m
Runway: plane number: 273 arriving
[33m12.3;12;runway;;{11}[0m
[32m12.3;13;control;stop_a;1[0m
[32m12.3;13;control;stop_d;1[0m
[32m12.3;13;control;arrival;273[0m
[33m12.3;13;control;;{13}[0m
Runway: plane number: 273 sent to hangar
[33m17.3;9;selector;;{11}[0m
[32m17.3;12;runway;exitA;273[0m
[33m17.3;12;runway;;{10}[0m
Selector: sent to plane number: 273 to storage 2
Storage: plane number: 273 stored
[33m18.3;7;storage2;;{11}[0m
[32m18.3;9;selector;out2;273[0m
[33m18.3;9;selector;;{10}[0m
Control: Runway open again
[33m18.3;13;control;;{14}[0m
Queue: open
[33m19.3;10;arrivalQueue;;{11}[0m
Queue: open
[33m19.3;11;departQueue;;{11}[0m
[32m19.3;13;control;done_a;1[0m
[32m19.3;13;control;done_d;1[0m
[33m19.3;13;control;;{10}[0m
Queue: plane number: 304 sent to control tower
[32m20.3;10;arrivalQueue;out;304[0m
[33m20.3;10;arrivalQueue;;{10}[0m
[33m20.3;11;departQueue;;{10}[0m
Control: Plane number: 304 going to arrivals
[33m20.3;13;control;;{11}[0m
Control: Plane number: 304 sent to runway
Queue: occupied
[33m21.3;10;arrivalQueue;;{12}[0m
Queue: occupied
[33m21.3;11;departQueue;;{12}[0m
Runway: plane number: 304 arriving
[33m21.3;12;runway;;{11}[0m
[32m21.3;13;control;stop_a;1[0m
[32m21.3;13;control;stop_d;1[0m
[32m21.3;13;control;arrival;304[0m
[33m21.3;13;control;;{13}[0m
[33m21.3;1;generator;;{inf}[0m
[33m21.3;4;exit;;{10}[0m
[33m21.3;5;storage4;;{10}[0m
[33m21.3;6;storage3;;{10}[0m
[33m21.3;7;storage2;;{11}[0m
[33m21.3;8;storage1;;{10}[0m
[33m21.3;9;selector;;{10}[0m
[33m21.3;10;arrivalQueue;;{12}[0m
[33m21.3;11;departQueue;;{12}[0m
[33m21.3;12;runway;;{11}[0m
[33m21.3;13;control;;{13}[0m
